Case #1:
48490
55443
60990
59111
50907
49791
56587
51662
61425
52926
59385
55443
61059
58535
50741
51438
50959
49120
54691
54576
Case #2:
11640
9762
11571
9013
8635
11658
8712
9752
10495
9435
11198
11249
10104
12029
9806
10171
9026
10104
9376
9803
Case #3:
10550
40243
43381
21417
37878
4171
2866
1281
34439
26628
30943
30657
9130
43207
11070
18848
6605
12773
40908
44694
Case #4:
2469627
4863541
7846247
1642749
3644526
5593558
2831994
8877544
1134356
707408
3721095
7874621
7526737
553490
7398437
4324629
3730889
4326225
7755838
4753487
Case #5:
51
4780
5104
3850
1046
3551
5557
222
565
3571
4080
2963
3265
6264
404
3174
659
2044
6080
3908
Case #6:
3567
2547
2408
6292
3257
2547
6145
315
3257
451
5539
1610
4079
4432
2010
1819
5473
2824
3091
4459
Case #7:
24878
41362
29861
16210
46901
28742
43939
24284
28537
44262
23138
51351
4409
15221
6786
27944
33576
30017
14715
21224
Case #8:
38584
38836
15697
29032
24483
38304
14796
42626
16877
24650
7639
3194
20690
3572
42961
29793
6990
118
7277
36158
Case #9:
22029
21601
8311
35032
37662
18335
15623
14390
43760
12330
11648
34042
21361
6080
44904
41686
28922
27259
29786
27879
Case #10:
33924
11541
32653
18287
9147
35138
22195
13580
459
29515
27392
19080
40197
5932
32968
6643
14663
4154
9246
44379
