Case #1:
8028671
7969282
8177091
7997505
8182164
8197166
8073310
8003487
8150493
7966857
8335010
8405925
8363738
8411839
8045832
8352644
8205003
8182553
8235063
8318296
Case #2:
11335
13656
9234
10760
9669
10677
11765
8748
13896
12490
Case #3:
15040
11707
15040
13315
14387
15878
14874
14165
12541
13635
11421
11865
12182
11796
15266
11396
12884
15993
15770
14387
Case #4:
6044379487
6039736636
6052771583
6054568382
6036099572
6059119236
6061859714
6039191504
6069818031
6050477072
6053089464
6053285919
6056922866
6047308462
6033843363
6041370128
6069422717
6052303231
6045320583
6065486098
Case #5:
7954704
8070093
7904626
7914372
8055616
8097607
7999074
8134498
8102786
7918010
8032394
7921467
8071793
7829157
7873130
8067473
8014958
8185532
8140180
8055562
Case #6:
6513845879
6503822783
6528621166
6508453787
6533442440
6498261213
6503095478
6514734395
6532077970
6534536759
6529498491
6503577594
6513978692
6517710416
6524356241
6521317677
6497730927
6504914265
6535731426
6506460806
Case #7:
7584437311
7572511648
7586933801
7564048090
7589833814
7584958678
7603805125
7565190639
7601557781
7560005722
7581066245
7581210331
7588742256
7592954805
7578642949
7578023174
7582646842
7586022497
7596873529
7576279869
Case #8:
6206752047
6194363221
6210701185
6197089860
6190563216
6197817176
6206585732
6181808924
6214670230
6191666219
6191557926
6202621935
6212552578
6183741572
6196666323
6179706429
6207595394
6195991819
6205245700
6191580222
Case #9:
6054019345
6053439687
6081977753
6053929335
6076621260
6069712418
6076481126
6078353144
6056708173
6076164264
6050706310
6073244639
6072471416
6050299372
6080135699
6069567872
6070394251
6044423991
6066058334
6047981064
Case #10:
6825621085
6818335796
6833435624
6831681074
6824879308
6812972561
6813183801
6828031185
6824295923
6840886354
6813819361
6832937766
6836635560
6809559787
6808839609
6821422799
6808435375
6837139958
6825354521
6812334944
