[(2, 2, 2), (2, 3, 2), (2, 2, 3)]
[[2, 2, 2], [2, 2, 2], [2, 2, 2]]
-------
-------
-------
[(2, 2, 3), (2, 2, 2), (2, 3, 2)]
[[2, 2, 2], [2, 2, 2], [2, 2, 2]]
-------
[(2, 3, 2), (2, 2, 2), (2, 3, 2)]
[[2, 2, 2], [2, 2, 2], [2, 2, 2]]
-------
[(2, 2, 2), (2, 3, 2), (3, 2, 2)]
[[2, 2, 2], [2, 2, 2], [2, 2, 2]]
-------
[(2, 2, 2), (2, 2, 3), (2, 3, 2)]
[[2, 2, 2], [2, 2, 2], [2, 2, 2]]
-------
-------
[(3, 2, 2), (2, 3, 2), (2, 2, 2)]
[[2, 2, 2], [2, 2, 2], [2, 2, 2]]
-------
[(3, 2, 2), (2, 2, 2), (2, 2, 3)]
[[2, 2, 2], [2, 2, 2], [2, 2, 2]]
-------
-------
[(2, 2, 2), (3, 2, 2), (2, 2, 3)]
[[2, 2, 2], [2, 2, 2], [2, 2, 2]]
-------
[(2, 2, 3), (3, 2, 2), (2, 2, 2)]
[[2, 2, 2], [2, 2, 2], [2, 2, 2]]
-------
[(2, 2, 2), (2, 3, 2), (2, 3, 2)]
[[2, 2, 2], [2, 2, 2], [2, 2, 2]]
-------
[(3, 2, 2), (2, 2, 2), (3, 2, 2)]
[[2, 2, 2], [2, 2, 2], [2, 2, 2]]
-------
[(2, 2, 3), (2, 2, 3), (2, 2, 2)]
[[2, 2, 2], [2, 2, 2], [2, 2, 2]]
-------
[(2, 3, 2), (3, 2, 2), (2, 2, 2)]
[[2, 2, 2], [2, 2, 2], [2, 2, 2]]
-------
[(3, 2, 2), (2, 2, 3), (2, 2, 2)]
[[2, 2, 2], [2, 2, 2], [2, 2, 2]]
-------
[(2, 2, 2), (3, 2, 2), (3, 2, 2)]
[[2, 2, 2], [2, 2, 2], [2, 2, 2]]
-------
-------
[(3, 2, 2), (2, 2, 2), (2, 3, 2)]
[[2, 2, 2], [2, 2, 2], [2, 2, 2]]
-------
-------
-------
[(2, 2, 3), (2, 3, 2), (2, 2, 2)]
[[2, 2, 2], [2, 2, 2], [2, 2, 2]]
-------
[(2, 2, 2), (3, 2, 2), (2, 3, 2)]
[[2, 2, 2], [2, 2, 2], [2, 2, 2]]
-------
-------
[(2, 3, 2), (2, 2, 2), (2, 2, 3)]
[[2, 2, 2], [2, 2, 2], [2, 2, 2]]
-------
[(2, 2, 3), (2, 2, 2), (2, 2, 3)]
[[2, 2, 2], [2, 2, 2], [2, 2, 2]]
-------
[(2, 3, 2), (2, 3, 2), (2, 2, 2)]
[[2, 2, 2], [2, 2, 2], [2, 2, 2]]
-------
[(2, 2, 2), (2, 2, 3), (2, 2, 3)]
[[2, 2, 2], [2, 2, 2], [2, 2, 2]]
-------
-------
[(2, 2, 3), (2, 2, 2), (3, 2, 2)]
[[2, 2, 2], [2, 2, 2], [2, 2, 2]]
-------
[(2, 3, 2), (2, 2, 2), (3, 2, 2)]
[[2, 2, 2], [2, 2, 2], [2, 2, 2]]
-------
[(3, 2, 2), (3, 2, 2), (2, 2, 2)]
[[2, 2, 2], [2, 2, 2], [2, 2, 2]]
-------
[(2, 3, 2), (2, 2, 3), (2, 2, 2)]
[[2, 2, 2], [2, 2, 2], [2, 2, 2]]
-------
[(2, 2, 2), (2, 2, 3), (3, 2, 2)]
[[2, 2, 2], [2, 2, 2], [2, 2, 2]]
-------
Case #1: 1.000000000
-------
-------
-------
-------
-------
-------
-------
-------
[(3, 2, 2), (2, 3, 2), (2, 2, 2)]
[[2, 2, 2], [2, 2, 2], [2, 2, 3]]
-------
-------
-------
-------
[(2, 2, 3), (3, 2, 2), (2, 2, 2)]
[[2, 2, 2], [2, 2, 2], [2, 2, 3]]
-------
-------
-------
[(2, 2, 3), (2, 2, 3), (2, 2, 2)]
[[2, 2, 2], [2, 2, 2], [2, 2, 3]]
-------
[(2, 3, 2), (3, 2, 2), (2, 2, 2)]
[[2, 2, 2], [2, 2, 2], [2, 2, 3]]
-------
[(3, 2, 2), (2, 2, 3), (2, 2, 2)]
[[2, 2, 2], [2, 2, 2], [2, 2, 3]]
-------
-------
-------
-------
-------
-------
[(2, 2, 3), (2, 3, 2), (2, 2, 2)]
[[2, 2, 2], [2, 2, 2], [2, 2, 3]]
-------
-------
-------
-------
-------
[(2, 3, 2), (2, 3, 2), (2, 2, 2)]
[[2, 2, 2], [2, 2, 2], [2, 2, 3]]
-------
-------
-------
-------
-------
[(3, 2, 2), (3, 2, 2), (2, 2, 2)]
[[2, 2, 2], [2, 2, 2], [2, 2, 3]]
-------
[(2, 3, 2), (2, 2, 3), (2, 2, 2)]
[[2, 2, 2], [2, 2, 2], [2, 2, 3]]
-------
-------
Case #2: 1.000000000
